<?xml version="1.0" encoding="UTF-8"?>
<Site BuildName="(empty)"
	BuildStamp="20240810-1812-Experimental"
	Name="go4av05"
	Generator="ctest-3.22.1"
	CompilerName="/usr/lib/ccache/c++"
	CompilerVersion="11.4.0"
	OSName="Linux"
	Hostname="go4av05"
	OSRelease="6.5.0-45-generic"
	OSVersion="#45~22.04.1-Ubuntu SMP PREEMPT_DYNAMIC Mon Jul 15 16:40:02 UTC 2"
	OSPlatform="x86_64"
	Is64Bits="1"
	VendorString="AuthenticAMD"
	VendorID="Advanced Micro Devices"
	FamilyID="23"
	ModelID="104"
	ProcessorCacheSize="512"
	NumberOfLogicalCPU="12"
	NumberOfPhysicalCPU="6"
	TotalVirtualMemory="9765"
	TotalPhysicalMemory="7273"
	LogicalProcessorsPerPhysical="2"
	ProcessorClockFrequency="3963.51"
	>
	<Testing>
		<StartDateTime>Aug 10 23:56 IST</StartDateTime>
		<StartTestTime>1723314396</StartTestTime>
		<TestList/>
		<EndDateTime>Aug 10 23:56 IST</EndDateTime>
		<EndTestTime>1723314396</EndTestTime>
		<ElapsedMinutes>0</ElapsedMinutes>
	</Testing>
</Site>
