<?xml version="1.0" encoding="UTF-8"?>
<Site BuildName="(empty)"
	BuildStamp="20240803-0719-Experimental"
	Name="go4av05"
	Generator="ctest-3.22.1"
	CompilerName="/usr/lib/ccache/c++"
	CompilerVersion="11.4.0"
	OSName="Linux"
	Hostname="go4av05"
	OSRelease="6.5.0-44-generic"
	OSVersion="#44~22.04.1-Ubuntu SMP PREEMPT_DYNAMIC Tue Jun 18 14:36:16 UTC 2"
	OSPlatform="x86_64"
	Is64Bits="1"
	VendorString="AuthenticAMD"
	VendorID="Advanced Micro Devices"
	FamilyID="23"
	ModelID="104"
	ProcessorCacheSize="512"
	NumberOfLogicalCPU="12"
	NumberOfPhysicalCPU="6"
	TotalVirtualMemory="9765"
	TotalPhysicalMemory="7273"
	LogicalProcessorsPerPhysical="2"
	ProcessorClockFrequency="2694.7"
	>
	<Testing>
		<StartDateTime>Aug 03 14:43 IST</StartDateTime>
		<StartTestTime>1722676401</StartTestTime>
		<TestList/>
		<EndDateTime>Aug 03 14:43 IST</EndDateTime>
		<EndTestTime>1722676401</EndTestTime>
		<ElapsedMinutes>0</ElapsedMinutes>
	</Testing>
</Site>
