<?xml version="1.0" encoding="UTF-8"?>
<Site BuildName="(empty)"
	BuildStamp="20240822-1526-Experimental"
	Name="go4av05"
	Generator="ctest-3.22.1"
	CompilerName="/usr/lib/ccache/c++"
	CompilerVersion="11.4.0"
	OSName="Linux"
	Hostname="go4av05"
	OSRelease="6.8.0-40-generic"
	OSVersion="#40~22.04.3-Ubuntu SMP PREEMPT_DYNAMIC Tue Jul 30 17:30:19 UTC 2"
	OSPlatform="x86_64"
	Is64Bits="1"
	VendorString="AuthenticAMD"
	VendorID="Advanced Micro Devices"
	FamilyID="23"
	ModelID="104"
	ProcessorCacheSize="512"
	NumberOfLogicalCPU="12"
	NumberOfPhysicalCPU="6"
	TotalVirtualMemory="9765"
	TotalPhysicalMemory="7281"
	LogicalProcessorsPerPhysical="2"
	ProcessorClockFrequency="3368.61"
	>
	<Testing>
		<StartDateTime>Aug 22 21:40 IST</StartDateTime>
		<StartTestTime>1724343050</StartTestTime>
		<TestList/>
		<EndDateTime>Aug 22 21:40 IST</EndDateTime>
		<EndTestTime>1724343050</EndTestTime>
		<ElapsedMinutes>0</ElapsedMinutes>
	</Testing>
</Site>
